<?xml version="1.0" encoding="UTF-8"?>
<!-- Generated by org.testng.reporters.JUnitReportReporter -->
<testsuite hostname="ASUS-PC" failures="0" tests="2" name="com.testcases.SingleAlbumTestCases" time="1.251" errors="0" timestamp="26 Jan 2021 08:28:53 GMT" skipped="0">
  <testcase classname="com.testcases.SingleAlbumTestCases" name="testSetOfPhotosForAlbumId" time="0.160"/>
  <testcase classname="com.testcases.SingleAlbumTestCases" name="testListOfElementsInParticularAlbumId" time="1.091"/>
</testsuite> <!-- com.testcases.SingleAlbumTestCases -->
