<?xml version="1.0" encoding="UTF-8"?>
<!-- Generated by org.testng.reporters.JUnitReportReporter -->
<testsuite hostname="ASUS-PC" failures="0" tests="3" name="com.testcases.SinglePhotosTestCases" time="2.305" errors="0" timestamp="26 Jan 2021 08:28:53 GMT" skipped="0">
  <testcase classname="com.testcases.SinglePhotosTestCases" name="testSinglePhotoCase2" time="0.161"/>
  <testcase classname="com.testcases.SinglePhotosTestCases" name="testSinglePhotoCase1" time="1.995"/>
  <testcase classname="com.testcases.SinglePhotosTestCases" name="testSinglePhotoCase2" time="0.149"/>
</testsuite> <!-- com.testcases.SinglePhotosTestCases -->
