<?xml version="1.0" encoding="UTF-8"?>
<!-- Generated by org.testng.reporters.JUnitReportReporter -->
<testsuite hostname="ASUS-PC" failures="0" tests="1" name="com.testcases.AllPhotosTestCases" time="0.382" errors="0" timestamp="26 Jan 2021 08:28:53 GMT" skipped="0">
  <testcase classname="com.testcases.AllPhotosTestCases" name="testAll" time="0.382"/>
</testsuite> <!-- com.testcases.AllPhotosTestCases -->
